Open5GS daemon v2.4.5-26-g52672cf

04/15 11:26:19.344: [app] INFO: Configuration: '/root/open5gs/install/etc/open5gs/pcf.yaml' (../lib/app/ogs-init.c:129)
04/15 11:26:19.344: [app] INFO: File Logging: '/root/open5gs/install/var/log/open5gs/pcf.log' (../lib/app/ogs-init.c:132)
04/15 11:26:19.358: [dbi] INFO: MongoDB URI: 'mongodb://localhost/open5gs' (../lib/dbi/ogs-mongoc.c:130)
04/15 11:26:19.358: [sbi] INFO: nghttp2_server() [127.0.0.13]:7777 (../lib/sbi/nghttp2-server.c:147)
04/15 11:26:19.358: [app] INFO: PCF initialize...done (../src/pcf/app.c:31)
04/15 11:26:19.360: [pcf] INFO: [d0dfbb1e-bc6b-41ec-8a7b-d36e01417395] NF registred [Heartbeat:10s] (../src/pcf/nf-sm.c:199)
04/15 11:26:21.929: [app] INFO: SIGINT received (../src/main.c:54)
04/15 11:26:21.929: [app] INFO: Open5GS daemon terminating... (../src/main.c:226)
04/15 11:26:21.929: [pcf] INFO: [d0dfbb1e-bc6b-41ec-8a7b-d36e01417395] NF de-registered (../src/pcf/nf-sm.c:225)
04/15 11:26:21.932: [app] INFO: PCF terminate...done (../src/pcf/app.c:39)
Open5GS daemon v2.4.5-26-g52672cf

04/15 12:13:35.139: [app] INFO: Configuration: '/root/open5gs/install/etc/open5gs/pcf.yaml' (../lib/app/ogs-init.c:129)
04/15 12:13:35.139: [app] INFO: File Logging: '/root/open5gs/install/var/log/open5gs/pcf.log' (../lib/app/ogs-init.c:132)
04/15 12:13:35.231: [dbi] INFO: MongoDB URI: 'mongodb://localhost/open5gs' (../lib/dbi/ogs-mongoc.c:130)
04/15 12:13:35.231: [sbi] INFO: nghttp2_server() [127.0.0.13]:7777 (../lib/sbi/nghttp2-server.c:147)
04/15 12:13:35.232: [app] INFO: PCF initialize...done (../src/pcf/app.c:31)
04/15 12:13:35.234: [pcf] INFO: [6b23604e-bc72-41ec-9db8-e9447ecd0b47] NF registred [Heartbeat:10s] (../src/pcf/nf-sm.c:199)
04/15 12:14:56.421: [pcf] ERROR: Not found [/npcf-smpolicycontrol/v1/sm-policies] (../src/pcf/pcf-sm.c:206)
04/15 12:14:56.821: [pcf] ERROR: Not found [/npcf-smpolicycontrol/v1/sm-policies] (../src/pcf/pcf-sm.c:206)
04/15 12:14:58.758: [pcf] ERROR: Not found [/npcf-smpolicycontrol/v1/sm-policies] (../src/pcf/pcf-sm.c:206)
04/15 12:14:59.004: [pcf] ERROR: Not found [/npcf-smpolicycontrol/v1/sm-policies] (../src/pcf/pcf-sm.c:206)
04/15 12:15:06.198: [pcf] ERROR: Not found [/npcf-smpolicycontrol/v1/sm-policies] (../src/pcf/pcf-sm.c:206)
04/15 12:15:06.480: [pcf] ERROR: Not found [/npcf-smpolicycontrol/v1/sm-policies] (../src/pcf/pcf-sm.c:206)
04/15 12:15:11.137: [pcf] ERROR: Not found [/npcf-smpolicycontrol/v1/sm-policies] (../src/pcf/pcf-sm.c:206)
04/15 12:16:15.393: [sbi] WARNING: [7] Failed to connect to ::1 port 7777: Connection refused (../lib/sbi/client.c:484)
04/15 12:16:16.383: [pcf] ERROR: [6b23604e-bc72-41ec-9db8-e9447ecd0b47] No heartbeat (../src/pcf/nf-sm.c:288)
04/15 12:16:16.383: [pcf] INFO: [6b23604e-bc72-41ec-9db8-e9447ecd0b47] NF de-registered (../src/pcf/nf-sm.c:225)
04/15 12:16:16.385: [pcf] ERROR: [6b23604e-bc72-41ec-9db8-e9447ecd0b47] HTTP response error [404] (../src/pcf/nf-sm.c:136)
04/15 12:16:16.686: [pcf] WARNING: [6b23604e-bc72-41ec-9db8-e9447ecd0b47] Retry to registration with NRF (../src/pcf/nf-sm.c:376)
04/15 12:16:16.687: [pcf] INFO: [6b23604e-bc72-41ec-9db8-e9447ecd0b47] NF registred [Heartbeat:10s] (../src/pcf/nf-sm.c:199)
04/15 12:16:39.098: [app] INFO: SIGINT received (../src/main.c:54)
04/15 12:16:39.098: [app] INFO: Open5GS daemon terminating... (../src/main.c:226)
04/15 12:16:39.098: [pcf] INFO: [6b23604e-bc72-41ec-9db8-e9447ecd0b47] NF de-registered (../src/pcf/nf-sm.c:225)
04/15 12:16:39.113: [app] INFO: PCF terminate...done (../src/pcf/app.c:39)
Open5GS daemon v2.4.5-26-g52672cf

04/15 12:17:11.351: [app] INFO: Configuration: '/root/open5gs/install/etc/open5gs/pcf.yaml' (../lib/app/ogs-init.c:129)
04/15 12:17:11.351: [app] INFO: File Logging: '/root/open5gs/install/var/log/open5gs/pcf.log' (../lib/app/ogs-init.c:132)
04/15 12:17:11.429: [dbi] INFO: MongoDB URI: 'mongodb://localhost/open5gs' (../lib/dbi/ogs-mongoc.c:130)
04/15 12:17:11.429: [sbi] INFO: nghttp2_server() [127.0.0.13]:7777 (../lib/sbi/nghttp2-server.c:147)
04/15 12:17:11.429: [app] INFO: PCF initialize...done (../src/pcf/app.c:31)
04/15 12:17:11.431: [pcf] INFO: [ec02aa4e-bc72-41ec-aa85-13fc87cdfa8e] NF registred [Heartbeat:10s] (../src/pcf/nf-sm.c:199)
04/15 12:17:23.909: [app] INFO: SIGINT received (../src/main.c:54)
04/15 12:17:23.909: [app] INFO: Open5GS daemon terminating... (../src/main.c:226)
04/15 12:17:23.909: [pcf] INFO: [ec02aa4e-bc72-41ec-aa85-13fc87cdfa8e] NF de-registered (../src/pcf/nf-sm.c:225)
04/15 12:17:23.924: [app] INFO: PCF terminate...done (../src/pcf/app.c:39)
Open5GS daemon v2.4.5-26-g52672cf+

04/27 17:05:23.513: [app] INFO: Configuration: '/root/open5gs/install/etc/open5gs/pcf.yaml' (../lib/app/ogs-init.c:129)
04/27 17:05:23.513: [app] INFO: File Logging: '/root/open5gs/install/var/log/open5gs/pcf.log' (../lib/app/ogs-init.c:132)
04/27 17:05:23.614: [dbi] INFO: MongoDB URI: 'mongodb://localhost/open5gs' (../lib/dbi/ogs-mongoc.c:130)
04/27 17:05:23.615: [sbi] INFO: nghttp2_server() [127.0.0.13]:7777 (../lib/sbi/nghttp2-server.c:148)
04/27 17:05:23.616: [app] INFO: PCF initialize...done (../src/pcf/app.c:31)
04/27 17:05:23.619: [pcf] INFO: [2be65832-c609-41ec-b173-9f54f4a00c28] NF registred [Heartbeat:10s] (../src/pcf/nf-sm.c:199)
04/27 17:05:23.756: [app] WARNING: Try to discover [UDR] (../lib/sbi/path.c:113)
04/27 17:05:23.758: [pcf] INFO: [4af6c612-c604-41ec-a150-e9daa7195252] (NF-discover) NF registered (../src/pcf/nnrf-handler.c:288)
04/27 17:05:23.758: [pcf] INFO: [4af6c612-c604-41ec-a150-e9daa7195252] (NF-discover) NF Profile updated (../src/pcf/nnrf-handler.c:350)
04/27 17:05:34.215: [app] WARNING: Try to discover [BSF] (../lib/sbi/path.c:113)
04/27 17:05:34.216: [pcf] INFO: [4aee25ca-c604-41ec-8fd2-79f309a2c3a4] (NF-discover) NF registered (../src/pcf/nnrf-handler.c:288)
04/27 17:05:34.216: [pcf] INFO: [4aee25ca-c604-41ec-8fd2-79f309a2c3a4] (NF-discover) NF Profile updated (../src/pcf/nnrf-handler.c:350)
04/27 17:07:23.730: [pcf] WARNING: [2be65832-c609-41ec-b173-9f54f4a00c28] HTTP response error [404] (../src/pcf/nf-sm.c:259)
04/27 17:07:23.730: [pcf] INFO: [2be65832-c609-41ec-b173-9f54f4a00c28] NF de-registered (../src/pcf/nf-sm.c:225)
04/27 17:07:24.031: [pcf] WARNING: [2be65832-c609-41ec-b173-9f54f4a00c28] Retry to registration with NRF (../src/pcf/nf-sm.c:376)
04/27 17:07:24.033: [pcf] INFO: [2be65832-c609-41ec-b173-9f54f4a00c28] NF registred [Heartbeat:10s] (../src/pcf/nf-sm.c:199)
04/27 17:23:28.325: [app] INFO: SIGINT received (../src/main.c:54)
04/27 17:23:28.325: [app] INFO: Open5GS daemon terminating... (../src/main.c:226)
04/27 17:23:28.326: [pcf] INFO: [2be65832-c609-41ec-b173-9f54f4a00c28] NF de-registered (../src/pcf/nf-sm.c:225)
04/27 17:23:28.377: [app] INFO: PCF terminate...done (../src/pcf/app.c:39)
Open5GS daemon v2.4.5-26-g52672cf+

04/27 17:23:30.472: [app] INFO: Configuration: '/root/open5gs/install/etc/open5gs/pcf.yaml' (../lib/app/ogs-init.c:129)
04/27 17:23:30.472: [app] INFO: File Logging: '/root/open5gs/install/var/log/open5gs/pcf.log' (../lib/app/ogs-init.c:132)
04/27 17:23:30.555: [dbi] INFO: MongoDB URI: 'mongodb://localhost/open5gs' (../lib/dbi/ogs-mongoc.c:130)
04/27 17:23:30.555: [sbi] INFO: nghttp2_server() [127.0.0.13]:7777 (../lib/sbi/nghttp2-server.c:148)
04/27 17:23:30.555: [app] INFO: PCF initialize...done (../src/pcf/app.c:31)
04/27 17:23:30.558: [pcf] INFO: [b3c70eb6-c60b-41ec-9ba7-154ddc406599] NF registred [Heartbeat:10s] (../src/pcf/nf-sm.c:199)
Open5GS daemon v2.4.5-26-g52672cf+

04/27 17:24:23.919: [app] INFO: Configuration: '/root/open5gs/install/etc/open5gs/pcf.yaml' (../lib/app/ogs-init.c:129)
04/27 17:24:23.919: [app] INFO: File Logging: '/root/open5gs/install/var/log/open5gs/pcf.log' (../lib/app/ogs-init.c:132)
04/27 17:24:24.000: [dbi] INFO: MongoDB URI: 'mongodb://localhost/open5gs' (../lib/dbi/ogs-mongoc.c:130)
04/27 17:24:24.000: [sbi] INFO: nghttp2_server() [127.0.0.13]:7777 (../lib/sbi/nghttp2-server.c:148)
04/27 17:24:24.001: [app] INFO: PCF initialize...done (../src/pcf/app.c:31)
04/27 17:24:24.003: [pcf] INFO: [d3a2790a-c60b-41ec-8653-9f8ea77fd742] NF registred [Heartbeat:10s] (../src/pcf/nf-sm.c:199)
04/27 17:27:31.214: [app] INFO: SIGINT received (../src/main.c:54)
04/27 17:27:31.214: [app] INFO: Open5GS daemon terminating... (../src/main.c:226)
04/27 17:27:31.214: [pcf] INFO: [d3a2790a-c60b-41ec-8653-9f8ea77fd742] NF de-registered (../src/pcf/nf-sm.c:225)
04/27 17:27:31.241: [app] INFO: PCF terminate...done (../src/pcf/app.c:39)
Open5GS daemon v2.4.5-26-g52672cf+

04/27 17:28:18.216: [app] INFO: Configuration: '/root/open5gs/install/etc/open5gs/pcf.yaml' (../lib/app/ogs-init.c:129)
04/27 17:28:18.216: [app] INFO: File Logging: '/root/open5gs/install/var/log/open5gs/pcf.log' (../lib/app/ogs-init.c:132)
04/27 17:28:18.307: [dbi] INFO: MongoDB URI: 'mongodb://localhost/open5gs' (../lib/dbi/ogs-mongoc.c:130)
04/27 17:28:18.307: [sbi] INFO: nghttp2_server() [127.0.0.13]:7777 (../lib/sbi/nghttp2-server.c:148)
04/27 17:28:18.308: [app] INFO: PCF initialize...done (../src/pcf/app.c:31)
04/27 17:28:18.310: [pcf] INFO: [5f49e0ec-c60c-41ec-9608-d30aa18500eb] NF registred [Heartbeat:10s] (../src/pcf/nf-sm.c:199)
04/27 17:31:35.186: [app] INFO: SIGINT received (../src/main.c:54)
04/27 17:31:35.186: [app] INFO: Open5GS daemon terminating... (../src/main.c:226)
04/27 17:31:35.186: [pcf] INFO: [5f49e0ec-c60c-41ec-9608-d30aa18500eb] NF de-registered (../src/pcf/nf-sm.c:225)
04/27 17:31:35.221: [app] INFO: PCF terminate...done (../src/pcf/app.c:39)
Open5GS daemon v2.4.5-26-g52672cf+

04/27 17:31:40.250: [app] INFO: Configuration: '/root/open5gs/install/etc/open5gs/pcf.yaml' (../lib/app/ogs-init.c:129)
04/27 17:31:40.250: [app] INFO: File Logging: '/root/open5gs/install/var/log/open5gs/pcf.log' (../lib/app/ogs-init.c:132)
04/27 17:31:40.339: [dbi] INFO: MongoDB URI: 'mongodb://localhost/open5gs' (../lib/dbi/ogs-mongoc.c:130)
04/27 17:31:40.339: [sbi] INFO: nghttp2_server() [127.0.0.13]:7777 (../lib/sbi/nghttp2-server.c:148)
04/27 17:31:40.340: [app] INFO: PCF initialize...done (../src/pcf/app.c:31)
04/27 17:31:40.343: [pcf] INFO: [d7b543be-c60c-41ec-9c1c-fd890c23982a] NF registred [Heartbeat:10s] (../src/pcf/nf-sm.c:199)
04/27 17:32:15.318: [app] INFO: SIGINT received (../src/main.c:54)
04/27 17:32:15.318: [app] INFO: Open5GS daemon terminating... (../src/main.c:226)
04/27 17:32:15.318: [pcf] INFO: [d7b543be-c60c-41ec-9c1c-fd890c23982a] NF de-registered (../src/pcf/nf-sm.c:225)
04/27 17:32:15.374: [app] INFO: PCF terminate...done (../src/pcf/app.c:39)
